<?xml version="1.0" encoding="UTF-8"?>
<!-- Generated by org.testng.reporters.JUnitReportReporter -->
<testsuite hostname="DESKTOP-QQACKJ4" name="BatchExecution.UpdateVirtualMachine_Delete" tests="6" failures="0" timestamp="13 Jul 2017 17:21:52 GMT" time="156.477" errors="0">
  <testcase name="UpdateVirtualMachine" time="38.820" classname="BatchExecution.UpdateVirtualMachine_Delete"/>
  <testcase name="UpdateVirtualMachine" time="38.534" classname="BatchExecution.UpdateVirtualMachine_Delete"/>
  <testcase name="UpdateVirtualMachine" time="35.601" classname="BatchExecution.UpdateVirtualMachine_Delete"/>
  <testcase name="cNetLogoutScenario" time="2.669" classname="BatchExecution.UpdateVirtualMachine_Delete"/>
  <testcase name="UpdateVirtualMachine" time="31.130" classname="BatchExecution.UpdateVirtualMachine_Delete"/>
  <testcase name="cNetLoginScenario" time="9.723" classname="BatchExecution.UpdateVirtualMachine_Delete"/>
</testsuite> <!-- BatchExecution.UpdateVirtualMachine_Delete -->
