<?xml version="1.0" encoding="UTF-8"?>
<!-- Generated by org.testng.reporters.JUnitReportReporter -->
<testsuite hostname="DESKTOP-QQACKJ4" name="BatchExecution.UpdateVMScenario" tests="36" failures="0" timestamp="18 Jul 2017 17:26:42 GMT" time="235.660" errors="3">
  <testcase name="UpdateVirtualMachine" time="0.013" classname="BatchExecution.UpdateVMScenario"/>
  <testcase name="UpdateVirtualMachine" time="0.065" classname="BatchExecution.UpdateVMScenario"/>
  <testcase name="UpdateVirtualMachine" time="0.018" classname="BatchExecution.UpdateVMScenario"/>
  <testcase name="UpdateVirtualMachine" time="0.015" classname="BatchExecution.UpdateVMScenario"/>
  <testcase name="UpdateVirtualMachine" time="0.016" classname="BatchExecution.UpdateVMScenario"/>
  <testcase name="UpdateVirtualMachine" time="25.195" classname="BatchExecution.UpdateVMScenario">
    <error type="atu.testng.reports.exceptions.ATUReporterStepFailedException">
      <![CDATA[[ATU Custom Reporter Step Failed Exception]
	at atu.testng.reports.listeners.ATUReportsListener.onTestSuccess(Unknown Source)
	at org.testng.internal.Invoker.runTestListeners(Invoker.java:1690)
	at org.testng.internal.Invoker.runTestListeners(Invoker.java:1670)
	at org.testng.internal.Invoker.invokeMethod(Invoker.java:696)
	at org.testng.internal.Invoker.invokeTestMethod(Invoker.java:816)
	at org.testng.internal.Invoker.invokeTestMethods(Invoker.java:1124)
	at org.testng.internal.TestMethodWorker.invokeTestMethods(TestMethodWorker.java:125)
	at org.testng.internal.TestMethodWorker.run(TestMethodWorker.java:108)
	at org.testng.TestRunner.privateRun(TestRunner.java:774)
	at org.testng.TestRunner.run(TestRunner.java:624)
	at org.testng.SuiteRunner.runTest(SuiteRunner.java:359)
	at org.testng.SuiteRunner.runSequentially(SuiteRunner.java:354)
	at org.testng.SuiteRunner.privateRun(SuiteRunner.java:312)
	at org.testng.SuiteRunner.run(SuiteRunner.java:261)
	at org.testng.SuiteRunnerWorker.runSuite(SuiteRunnerWorker.java:52)
	at org.testng.SuiteRunnerWorker.run(SuiteRunnerWorker.java:86)
	at org.testng.TestNG.runSuitesSequentially(TestNG.java:1215)
	at org.testng.TestNG.runSuitesLocally(TestNG.java:1140)
	at org.testng.TestNG.run(TestNG.java:1048)
	at org.testng.remote.AbstractRemoteTestNG.run(AbstractRemoteTestNG.java:132)
	at org.testng.remote.RemoteTestNG.initAndRun(RemoteTestNG.java:230)
	at org.testng.remote.RemoteTestNG.main(RemoteTestNG.java:76)
]]>
    </error>
  </testcase> <!-- UpdateVirtualMachine -->
  <testcase name="UpdateVirtualMachine" time="0.020" classname="BatchExecution.UpdateVMScenario"/>
  <testcase name="UpdateVirtualMachine" time="0.024" classname="BatchExecution.UpdateVMScenario"/>
  <testcase name="UpdateVirtualMachine" time="0.068" classname="BatchExecution.UpdateVMScenario"/>
  <testcase name="UpdateVirtualMachine" time="24.731" classname="BatchExecution.UpdateVMScenario">
    <error type="atu.testng.reports.exceptions.ATUReporterStepFailedException">
      <![CDATA[[ATU Custom Reporter Step Failed Exception]
	at atu.testng.reports.listeners.ATUReportsListener.onTestSuccess(Unknown Source)
	at org.testng.internal.Invoker.runTestListeners(Invoker.java:1690)
	at org.testng.internal.Invoker.runTestListeners(Invoker.java:1670)
	at org.testng.internal.Invoker.invokeMethod(Invoker.java:696)
	at org.testng.internal.Invoker.invokeTestMethod(Invoker.java:816)
	at org.testng.internal.Invoker.invokeTestMethods(Invoker.java:1124)
	at org.testng.internal.TestMethodWorker.invokeTestMethods(TestMethodWorker.java:125)
	at org.testng.internal.TestMethodWorker.run(TestMethodWorker.java:108)
	at org.testng.TestRunner.privateRun(TestRunner.java:774)
	at org.testng.TestRunner.run(TestRunner.java:624)
	at org.testng.SuiteRunner.runTest(SuiteRunner.java:359)
	at org.testng.SuiteRunner.runSequentially(SuiteRunner.java:354)
	at org.testng.SuiteRunner.privateRun(SuiteRunner.java:312)
	at org.testng.SuiteRunner.run(SuiteRunner.java:261)
	at org.testng.SuiteRunnerWorker.runSuite(SuiteRunnerWorker.java:52)
	at org.testng.SuiteRunnerWorker.run(SuiteRunnerWorker.java:86)
	at org.testng.TestNG.runSuitesSequentially(TestNG.java:1215)
	at org.testng.TestNG.runSuitesLocally(TestNG.java:1140)
	at org.testng.TestNG.run(TestNG.java:1048)
	at org.testng.remote.AbstractRemoteTestNG.run(AbstractRemoteTestNG.java:132)
	at org.testng.remote.RemoteTestNG.initAndRun(RemoteTestNG.java:230)
	at org.testng.remote.RemoteTestNG.main(RemoteTestNG.java:76)
]]>
    </error>
  </testcase> <!-- UpdateVirtualMachine -->
  <testcase name="UpdateVirtualMachine" time="0.015" classname="BatchExecution.UpdateVMScenario"/>
  <testcase name="UpdateVirtualMachine" time="0.020" classname="BatchExecution.UpdateVMScenario"/>
  <testcase name="UpdateVirtualMachine" time="0.411" classname="BatchExecution.UpdateVMScenario"/>
  <testcase name="UpdateVirtualMachine" time="0.016" classname="BatchExecution.UpdateVMScenario"/>
  <testcase name="UpdateVirtualMachine" time="4.893" classname="BatchExecution.UpdateVMScenario"/>
  <testcase name="UpdateVirtualMachine" time="0.033" classname="BatchExecution.UpdateVMScenario"/>
  <testcase name="UpdateVirtualMachine" time="0.016" classname="BatchExecution.UpdateVMScenario"/>
  <testcase name="UpdateVirtualMachine" time="0.027" classname="BatchExecution.UpdateVMScenario"/>
  <testcase name="UpdateVirtualMachine" time="0.037" classname="BatchExecution.UpdateVMScenario"/>
  <testcase name="cNetLoginScenario" time="11.778" classname="BatchExecution.UpdateVMScenario"/>
  <testcase name="UpdateVirtualMachine" time="0.036" classname="BatchExecution.UpdateVMScenario"/>
  <testcase name="UpdateVirtualMachine" time="0.022" classname="BatchExecution.UpdateVMScenario"/>
  <testcase name="UpdateVirtualMachine" time="151.342" classname="BatchExecution.UpdateVMScenario">
    <error type="atu.testng.reports.exceptions.ATUReporterStepFailedException">
      <![CDATA[[ATU Custom Reporter Step Failed Exception]
	at atu.testng.reports.listeners.ATUReportsListener.onTestSuccess(Unknown Source)
	at org.testng.internal.Invoker.runTestListeners(Invoker.java:1690)
	at org.testng.internal.Invoker.runTestListeners(Invoker.java:1670)
	at org.testng.internal.Invoker.invokeMethod(Invoker.java:696)
	at org.testng.internal.Invoker.invokeTestMethod(Invoker.java:816)
	at org.testng.internal.Invoker.invokeTestMethods(Invoker.java:1124)
	at org.testng.internal.TestMethodWorker.invokeTestMethods(TestMethodWorker.java:125)
	at org.testng.internal.TestMethodWorker.run(TestMethodWorker.java:108)
	at org.testng.TestRunner.privateRun(TestRunner.java:774)
	at org.testng.TestRunner.run(TestRunner.java:624)
	at org.testng.SuiteRunner.runTest(SuiteRunner.java:359)
	at org.testng.SuiteRunner.runSequentially(SuiteRunner.java:354)
	at org.testng.SuiteRunner.privateRun(SuiteRunner.java:312)
	at org.testng.SuiteRunner.run(SuiteRunner.java:261)
	at org.testng.SuiteRunnerWorker.runSuite(SuiteRunnerWorker.java:52)
	at org.testng.SuiteRunnerWorker.run(SuiteRunnerWorker.java:86)
	at org.testng.TestNG.runSuitesSequentially(TestNG.java:1215)
	at org.testng.TestNG.runSuitesLocally(TestNG.java:1140)
	at org.testng.TestNG.run(TestNG.java:1048)
	at org.testng.remote.AbstractRemoteTestNG.run(AbstractRemoteTestNG.java:132)
	at org.testng.remote.RemoteTestNG.initAndRun(RemoteTestNG.java:230)
	at org.testng.remote.RemoteTestNG.main(RemoteTestNG.java:76)
]]>
    </error>
  </testcase> <!-- UpdateVirtualMachine -->
  <testcase name="UpdateVirtualMachine" time="0.038" classname="BatchExecution.UpdateVMScenario"/>
  <testcase name="cNetLogoutScenario" time="16.482" classname="BatchExecution.UpdateVMScenario"/>
  <testcase name="UpdateVirtualMachine" time="0.012" classname="BatchExecution.UpdateVMScenario"/>
  <testcase name="UpdateVirtualMachine" time="0.027" classname="BatchExecution.UpdateVMScenario"/>
  <testcase name="UpdateVirtualMachine" time="0.011" classname="BatchExecution.UpdateVMScenario"/>
  <testcase name="UpdateVirtualMachine" time="0.014" classname="BatchExecution.UpdateVMScenario"/>
  <testcase name="UpdateVirtualMachine" time="0.018" classname="BatchExecution.UpdateVMScenario"/>
  <testcase name="UpdateVirtualMachine" time="0.029" classname="BatchExecution.UpdateVMScenario"/>
  <testcase name="UpdateVirtualMachine" time="0.098" classname="BatchExecution.UpdateVMScenario"/>
  <testcase name="UpdateVirtualMachine" time="0.040" classname="BatchExecution.UpdateVMScenario"/>
  <testcase name="UpdateVirtualMachine" time="0.019" classname="BatchExecution.UpdateVMScenario"/>
  <testcase name="UpdateVirtualMachine" time="0.032" classname="BatchExecution.UpdateVMScenario"/>
  <testcase name="UpdateVirtualMachine" time="0.029" classname="BatchExecution.UpdateVMScenario"/>
</testsuite> <!-- BatchExecution.UpdateVMScenario -->
