<?xml version="1.0" encoding="UTF-8"?>
<!-- Generated by org.testng.reporters.JUnitReportReporter -->
<testsuite hostname="DESKTOP-QQACKJ4" name="BatchExecution.Script_Execution_Transpose" tests="4" failures="0" timestamp="11 Jul 2017 19:26:14 GMT" time="109.847" errors="0">
  <testcase name="cNetLoginScenario" time="13.254" classname="BatchExecution.Script_Execution_Transpose"/>
  <testcase name="UpdateVirtualMachine" time="29.544" classname="BatchExecution.Script_Execution_Transpose"/>
  <testcase name="cNetLogoutScenario" time="2.105" classname="BatchExecution.Script_Execution_Transpose"/>
  <testcase name="UpdateVirtualMachine" time="64.944" classname="BatchExecution.Script_Execution_Transpose"/>
</testsuite> <!-- BatchExecution.Script_Execution_Transpose -->
