<?xml version="1.0" encoding="UTF-8"?>
<!-- Generated by org.testng.reporters.JUnitReportReporter -->
<testsuite hostname="DESKTOP-QQACKJ4" name="BatchExecution.Script_Execution_Transpose" tests="3" failures="0" timestamp="12 Jul 2017 19:59:18 GMT" time="319.999" errors="0">
  <testcase name="cNetLogoutScenario" time="3.717" classname="BatchExecution.Script_Execution_Transpose"/>
  <testcase name="cNetLoginScenario" time="7.118" classname="BatchExecution.Script_Execution_Transpose"/>
  <testcase name="UpdateVirtualMachine" time="309.164" classname="BatchExecution.Script_Execution_Transpose"/>
</testsuite> <!-- BatchExecution.Script_Execution_Transpose -->
