<?xml version="1.0" encoding="UTF-8"?>
<!-- Generated by org.testng.reporters.JUnitReportReporter -->
<testsuite hostname="DESKTOP-QQACKJ4" name="BatchExecution.UpdateVMScenario" tests="3" failures="0" timestamp="20 Jul 2017 16:55:18 GMT" time="116.055" errors="0">
  <testcase name="cNetLoginScenario" time="9.670" classname="BatchExecution.UpdateVMScenario"/>
  <testcase name="UpdateVirtualMachine" time="103.375" classname="BatchExecution.UpdateVMScenario"/>
  <testcase name="cNetLogoutScenario" time="3.010" classname="BatchExecution.UpdateVMScenario"/>
</testsuite> <!-- BatchExecution.UpdateVMScenario -->
