<?xml version="1.0" encoding="UTF-8"?>
<!-- Generated by org.testng.reporters.JUnitReportReporter -->
<testsuite hostname="DESKTOP-QQACKJ4" name="BatchExecution.Script_Execution_Transpose" tests="4" failures="0" timestamp="11 Jul 2017 18:59:58 GMT" time="91.825" errors="0">
  <testcase name="UpdateVirtualMachine" time="47.973" classname="BatchExecution.Script_Execution_Transpose"/>
  <testcase name="cNetLoginScenario" time="11.829" classname="BatchExecution.Script_Execution_Transpose"/>
  <testcase name="cNetLogoutScenario" time="2.051" classname="BatchExecution.Script_Execution_Transpose"/>
  <testcase name="UpdateVirtualMachine" time="29.972" classname="BatchExecution.Script_Execution_Transpose"/>
</testsuite> <!-- BatchExecution.Script_Execution_Transpose -->
