<?xml version="1.0" encoding="UTF-8"?>
<!-- Generated by org.testng.reporters.JUnitReportReporter -->
<testsuite hostname="DESKTOP-QQACKJ4" name="BatchExecution.UpdateVirtualMachine_Update" tests="2" failures="0" timestamp="13 Jul 2017 17:21:52 GMT" time="8.021" errors="0">
  <testcase name="cNetLogoutScenario" time="3.244" classname="BatchExecution.UpdateVirtualMachine_Update"/>
  <testcase name="cNetLoginScenario" time="4.777" classname="BatchExecution.UpdateVirtualMachine_Update"/>
</testsuite> <!-- BatchExecution.UpdateVirtualMachine_Update -->
