<?xml version="1.0" encoding="UTF-8"?>
<!-- Generated by org.testng.reporters.JUnitReportReporter -->
<testsuite hostname="DESKTOP-QQACKJ4" name="BatchExecution.UpdateVMScenario" tests="6" failures="0" timestamp="13 Jul 2017 17:30:13 GMT" time="124.212" errors="0">
  <testcase name="UpdateVirtualMachine" time="32.683" classname="BatchExecution.UpdateVMScenario"/>
  <testcase name="UpdateVirtualMachine" time="25.979" classname="BatchExecution.UpdateVMScenario"/>
  <testcase name="cNetLogoutScenario" time="2.479" classname="BatchExecution.UpdateVMScenario"/>
  <testcase name="cNetLoginScenario" time="8.544" classname="BatchExecution.UpdateVMScenario"/>
  <testcase name="UpdateVirtualMachine" time="27.063" classname="BatchExecution.UpdateVMScenario"/>
  <testcase name="UpdateVirtualMachine" time="27.464" classname="BatchExecution.UpdateVMScenario"/>
</testsuite> <!-- BatchExecution.UpdateVMScenario -->
