<?xml version="1.0" encoding="UTF-8"?>
<!-- Generated by org.testng.reporters.JUnitReportReporter -->
<testsuite hostname="DESKTOP-QQACKJ4" name="BatchExecution.UpdateVMScenario" tests="33" failures="0" timestamp="14 Jul 2017 19:16:36 GMT" time="1081.425" errors="0">
  <testcase name="UpdateVirtualMachine" time="32.806" classname="BatchExecution.UpdateVMScenario"/>
  <testcase name="UpdateVirtualMachine" time="34.364" classname="BatchExecution.UpdateVMScenario"/>
  <testcase name="UpdateVirtualMachine" time="32.929" classname="BatchExecution.UpdateVMScenario"/>
  <testcase name="UpdateVirtualMachine" time="34.034" classname="BatchExecution.UpdateVMScenario"/>
  <testcase name="UpdateVirtualMachine" time="33.816" classname="BatchExecution.UpdateVMScenario"/>
  <testcase name="UpdateVirtualMachine" time="45.452" classname="BatchExecution.UpdateVMScenario"/>
  <testcase name="UpdateVirtualMachine" time="34.189" classname="BatchExecution.UpdateVMScenario"/>
  <testcase name="UpdateVirtualMachine" time="34.257" classname="BatchExecution.UpdateVMScenario"/>
  <testcase name="UpdateVirtualMachine" time="34.508" classname="BatchExecution.UpdateVMScenario"/>
  <testcase name="UpdateVirtualMachine" time="29.766" classname="BatchExecution.UpdateVMScenario"/>
  <testcase name="cNetLogoutScenario" time="2.332" classname="BatchExecution.UpdateVMScenario"/>
  <testcase name="UpdateVirtualMachine" time="31.475" classname="BatchExecution.UpdateVMScenario"/>
  <testcase name="UpdateVirtualMachine" time="37.131" classname="BatchExecution.UpdateVMScenario"/>
  <testcase name="UpdateVirtualMachine" time="34.995" classname="BatchExecution.UpdateVMScenario"/>
  <testcase name="UpdateVirtualMachine" time="33.082" classname="BatchExecution.UpdateVMScenario"/>
  <testcase name="UpdateVirtualMachine" time="33.843" classname="BatchExecution.UpdateVMScenario"/>
  <testcase name="UpdateVirtualMachine" time="31.208" classname="BatchExecution.UpdateVMScenario"/>
  <testcase name="UpdateVirtualMachine" time="34.162" classname="BatchExecution.UpdateVMScenario"/>
  <testcase name="UpdateVirtualMachine" time="37.894" classname="BatchExecution.UpdateVMScenario"/>
  <testcase name="UpdateVirtualMachine" time="34.206" classname="BatchExecution.UpdateVMScenario"/>
  <testcase name="UpdateVirtualMachine" time="33.558" classname="BatchExecution.UpdateVMScenario"/>
  <testcase name="UpdateVirtualMachine" time="37.125" classname="BatchExecution.UpdateVMScenario"/>
  <testcase name="UpdateVirtualMachine" time="35.952" classname="BatchExecution.UpdateVMScenario"/>
  <testcase name="UpdateVirtualMachine" time="34.253" classname="BatchExecution.UpdateVMScenario"/>
  <testcase name="UpdateVirtualMachine" time="37.065" classname="BatchExecution.UpdateVMScenario"/>
  <testcase name="UpdateVirtualMachine" time="33.349" classname="BatchExecution.UpdateVMScenario"/>
  <testcase name="UpdateVirtualMachine" time="34.931" classname="BatchExecution.UpdateVMScenario"/>
  <testcase name="UpdateVirtualMachine" time="32.425" classname="BatchExecution.UpdateVMScenario"/>
  <testcase name="UpdateVirtualMachine" time="33.140" classname="BatchExecution.UpdateVMScenario"/>
  <testcase name="UpdateVirtualMachine" time="32.424" classname="BatchExecution.UpdateVMScenario"/>
  <testcase name="UpdateVirtualMachine" time="36.174" classname="BatchExecution.UpdateVMScenario"/>
  <testcase name="cNetLoginScenario" time="10.511" classname="BatchExecution.UpdateVMScenario"/>
  <testcase name="UpdateVirtualMachine" time="34.069" classname="BatchExecution.UpdateVMScenario"/>
</testsuite> <!-- BatchExecution.UpdateVMScenario -->
