<?xml version="1.0" encoding="UTF-8"?>
<!-- Generated by org.testng.reporters.JUnitReportReporter -->
<testsuite hostname="DESKTOP-QQACKJ4" name="BatchExecution.UpdateVMScenario" tests="4" failures="0" timestamp="17 Jul 2017 19:27:28 GMT" time="227.005" errors="0">
  <testcase name="UpdateVirtualMachine" time="101.916" classname="BatchExecution.UpdateVMScenario"/>
  <testcase name="cNetLogoutScenario" time="3.243" classname="BatchExecution.UpdateVMScenario"/>
  <testcase name="UpdateVirtualMachine" time="111.666" classname="BatchExecution.UpdateVMScenario"/>
  <testcase name="cNetLoginScenario" time="10.180" classname="BatchExecution.UpdateVMScenario"/>
</testsuite> <!-- BatchExecution.UpdateVMScenario -->
